Looking for git in: git
Using git 2.26.2 from git
> git rev-parse --show-toplevel
fatal: not a git repository (or any of the parent directories): .git
> git rev-parse --show-toplevel
fatal: not a git repository (or any of the parent directories): .git
> git rev-parse --show-toplevel
> git rev-parse --git-dir
Open repository: /home/laiduy98/dotfiles
> git status -z -u
> git symbolic-ref --short HEAD
> git rev-parse master
> git rev-parse --symbolic-full-name master@{u}
> git rev-list --left-right master...refs/remotes/origin/master
> git for-each-ref --format %(refname) %(objectname) --sort -committerdate
> git remote --verbose
Failed to watch ref '/home/laiduy98/dotfiles/.git/refs/remotes/origin/master', is most likely packed.
Error: ENOENT: no such file or directory, watch '/home/laiduy98/dotfiles/.git/refs/remotes/origin/master'
	at FSWatcher.start (internal/fs/watchers.js:165:26)
	at Object.watch (fs.js:1270:11)
	at Object.t.watch (/usr/lib/code/extensions/git/dist/main.js:1:598268)
	at T.updateTransientWatchers (/usr/lib/code/extensions/git/dist/main.js:1:83870)
	at e.fire (/usr/lib/code/out/vs/workbench/services/extensions/node/extensionHostProcess.js:48:517)
	at e.updateModelState (/usr/lib/code/extensions/git/dist/main.js:1:102740)
> git config --get commit.template
> git show :arch.txt
> git ls-files --stage -- /home/laiduy98/dotfiles/arch.txt
> git check-ignore -v -z --stdin
> git rev-parse --show-toplevel
fatal: not a git repository (or any of the parent directories): .git
> git show :arch.txt
> git ls-files --stage -- /home/laiduy98/dotfiles/arch.txt
> git rev-parse --show-toplevel
fatal: not a git repository (or any of the parent directories): .git
> git show :arch.txt
> git ls-files --stage -- /home/laiduy98/dotfiles/arch.txt
> git rev-parse --show-toplevel
fatal: not a git repository (or any of the parent directories): .git
> git show :arch.txt
> git ls-files --stage -- /home/laiduy98/dotfiles/arch.txt
> git rev-parse --show-toplevel
fatal: not a git repository (or any of the parent directories): .git
> git show :arch.txt
> git ls-files --stage -- /home/laiduy98/dotfiles/arch.txt
> git rev-parse --show-toplevel
fatal: not a git repository (or any of the parent directories): .git
> git show :arch.txt
> git ls-files --stage -- /home/laiduy98/dotfiles/arch.txt
